<?xml version="1.0" encoding="UTF-8"?>
<!-- Generated by org.testng.reporters.JUnitReportReporter -->
<testsuite skipped="0" hostname="INB-VVASTRAD-LT" name="classPgms.S_2_ForInsertQuery" tests="1" failures="0" timestamp="22 Jan 2020 10:48:59 GMT" time="0.253" errors="0">
  <testcase name="insertQuery" time="0.253" classname="classPgms.S_2_ForInsertQuery"/>
</testsuite> <!-- classPgms.S_2_ForInsertQuery -->
