<?xml version="1.0" encoding="UTF-8"?>
<!-- Generated by org.testng.reporters.JUnitReportReporter -->
<testsuite skipped="0" hostname="INB-VVASTRAD-LT" name="classPgms.S_1_ForSelectQuery" tests="1" failures="0" timestamp="22 Jan 2020 10:06:16 GMT" time="0.331" errors="0">
  <testcase name="selectQuery" time="0.331" classname="classPgms.S_1_ForSelectQuery"/>
</testsuite> <!-- classPgms.S_1_ForSelectQuery -->
