<?xml version="1.0" encoding="UTF-8"?>
<!-- Generated by org.testng.reporters.JUnitReportReporter -->
<testsuite skipped="0" hostname="INB-VVASTRAD-LT" name="classPgms.VTiger" tests="1" failures="0" timestamp="22 Jan 2020 12:59:28 GMT" time="12.999" errors="0">
  <testcase name="login" time="12.999" classname="classPgms.VTiger"/>
</testsuite> <!-- classPgms.VTiger -->
